<?xml version="1.0" encoding="UTF-8"?>
<robot generator="Robot 5.0.1 (Python 3.10.5 on win32)" generated="20220811 21:28:38.602" rpa="false" schemaversion="3">
<suite id="s1" name="testeVariavel" source="C:\Users\edutra\Desktop\robot sis\testeVariavel.robot">
<test id="s1-t1" name="Argumentos e retorno" line="58">
<kw name="Somar dois números">
<var>${resultado}</var>
<arg>6</arg>
<arg>3</arg>
<kw name="Evaluate" library="BuiltIn">
<var>${SOMA}</var>
<arg>${NUM1} + ${NUM2}</arg>
<doc>Evaluates the given expression in Python and returns the result.</doc>
<msg timestamp="20220811 21:28:38.624" level="INFO">${SOMA} = 9</msg>
<status status="PASS" starttime="20220811 21:28:38.623" endtime="20220811 21:28:38.624"/>
</kw>
<msg timestamp="20220811 21:28:38.624" level="INFO">${resultado} = 9</msg>
<status status="PASS" starttime="20220811 21:28:38.623" endtime="20220811 21:28:38.624"/>
</kw>
<kw name="Log To Console" library="BuiltIn">
<arg>${resultado}</arg>
<doc>Logs the given message to the console.</doc>
<status status="PASS" starttime="20220811 21:28:38.624" endtime="20220811 21:28:38.625"/>
</kw>
<status status="PASS" starttime="20220811 21:28:38.622" endtime="20220811 21:28:38.626"/>
</test>
<doc>Tipos de váriaveis</doc>
<status status="PASS" starttime="20220811 21:28:38.603" endtime="20220811 21:28:38.628"/>
</suite>
<statistics>
<total>
<stat pass="1" fail="0" skip="0">All Tests</stat>
</total>
<tag>
</tag>
<suite>
<stat pass="1" fail="0" skip="0" id="s1" name="testeVariavel">testeVariavel</stat>
</suite>
</statistics>
<errors>
</errors>
</robot>
